#
# A fatal error has been detected by the Java Runtime Environment:
#
#  EXCEPTION_ACCESS_VIOLATION (0xc0000005) at pc=0x0000000066369a84, pid=9300, tid=0x0000000000002ae0
#
# JRE version: OpenJDK Runtime Environment (8.0_152-b01) (build 1.8.0_152-release-915-b01)
# Java VM: OpenJDK 64-Bit Server VM (25.152-b01 mixed mode windows-amd64 compressed oops)
# Problematic frame:
# V  [jvm.dll+0x439a84]
#
# Failed to write core dump. Minidumps are not enabled by default on client versions of Windows
#
# If you would like to submit a bug report, please visit:
#   http://bugreport.java.com/bugreport/crash.jsp
#

---------------  T H R E A D  ---------------

Current thread (0x0000000017040800):  JavaThread "C2 CompilerThread1" daemon [_thread_in_native, id=10976, stack(0x0000000018780000,0x0000000018880000)]

siginfo: ExceptionCode=0xc0000005, reading address 0x000002001a913c60

Registers:
RAX=0x000002001a913c60, RBX=0x000000001887e0f0, RCX=0x0000000020000000, RDX=0x000000001acbbb20
RSP=0x000000001887dee0, RBP=0x0000000000000000, RSI=0x0000000000000e30, RDI=0x000000001a913668
R8 =0x00000000000001a3, R9 =0x0000000020000000, R10=0x0000000004960000, R11=0x000000001acbbb30
R12=0x0000000000000004, R13=0x000000001a913c10, R14=0x00000000000008e3, R15=0x0000000000004718
RIP=0x0000000066369a84, EFLAGS=0x0000000000010246

Top of Stack: (sp=0x000000001887dee0)
0x000000001887dee0:   000000001887e0f0 0000000000000129
0x000000001887def0:   000000001887ebb0 0000000066407c46
0x000000001887df00:   00000000664d8318 000000001887ebb0
0x000000001887df10:   000000001ac3bb70 000000001887e140
0x000000001887df20:   0000000017005280 0000000066408919
0x000000001887df30:   000000001887e030 000000001887e0e0
0x000000001887df40:   0000000000058220 000000001a278c38
0x000000001887df50:   000000001ac43b58 0000000066371952
0x000000001887df60:   0000000017005280 000000001887e060
0x000000001887df70:   000000001ac3bc60 000000001ac3bb70
0x000000001887df80:   0000000000000000 000000001887f3c0
0x000000001887df90:   0000000000000006 00000000197f2ea0
0x000000001887dfa0:   000000001887f550 000000001887f568
0x000000001887dfb0:   00000000170366d0 0000000000000004
0x000000001887dfc0:   0000000000000000 0000000000000000
0x000000001887dfd0:   0000000000000002 0000000000000000 

Instructions: (pc=0x0000000066369a84)
0x0000000066369a64:   4d 8b 2c 07 41 8b 45 1c 85 c0 0f 84 92 00 00 00
0x0000000066369a74:   33 ed 44 8b e0 0f 1f 80 00 00 00 00 49 8b 45 08
0x0000000066369a84:   48 8b 3c 28 48 85 ff 74 6c 40 f6 c7 01 75 66 48
0x0000000066369a94:   83 3f fe 74 60 8b 4f 28 8b c1 c1 e8 05 3b 43 30 


Register to memory mapping:

RAX=0x000002001a913c60 is an unknown value
RBX=0x000000001887e0f0 is pointing into the stack for thread: 0x0000000017040800
RCX=0x0000000020000000 is an unknown value
RDX=0x000000001acbbb20 is an unknown value
RSP=0x000000001887dee0 is pointing into the stack for thread: 0x0000000017040800
RBP=0x0000000000000000 is an unknown value
RSI=0x0000000000000e30 is an unknown value
RDI=0x000000001a913668 is an unknown value
R8 =0x00000000000001a3 is an unknown value
R9 =0x0000000020000000 is an unknown value
R10=0x0000000004960000 is an unknown value
R11=0x000000001acbbb30 is an unknown value
R12=0x0000000000000004 is an unknown value
R13=0x000000001a913c10 is an unknown value
R14=0x00000000000008e3 is an unknown value
R15=0x0000000000004718 is an unknown value


Stack: [0x0000000018780000,0x0000000018880000],  sp=0x000000001887dee0,  free space=1015k
Native frames: (J=compiled Java code, j=interpreted, Vv=VM code, C=native code)


Current CompileTask:
C2:   1956 1296       4       java.net.URLClassLoader$1::run (5 bytes)


---------------  P R O C E S S  ---------------

Java Threads: ( => current thread )
  0x000000001a876800 JavaThread "File lock request listener" [_thread_in_native, id=10332, stack(0x000000001cb60000,0x000000001cc60000)]
  0x000000001a89d800 JavaThread "Cache worker for file hash cache (C:\Users\Jeetendra.Achtani\.gradle\caches\4.1\fileHashes)" [_thread_blocked, id=9148, stack(0x000000001ca60000,0x000000001cb60000)]
  0x0000000019eb5800 JavaThread "Stdin handler" [_thread_blocked, id=10436, stack(0x000000001c960000,0x000000001ca60000)]
  0x0000000019eb4800 JavaThread "Asynchronous log dispatcher for DefaultDaemonConnection: socket connection from /127.0.0.1:52103 to /127.0.0.1:52104" [_thread_blocked, id=10532, stack(0x000000001c860000,0x000000001c960000)]
  0x000000001a44e000 JavaThread "Daemon worker" [_thread_in_native, id=9320, stack(0x000000001c760000,0x000000001c860000)]
  0x0000000019eb8000 JavaThread "Cancel handler" [_thread_blocked, id=164, stack(0x000000001c660000,0x000000001c760000)]
  0x0000000019db7800 JavaThread "Handler for socket connection from /127.0.0.1:52103 to /127.0.0.1:52104" [_thread_in_native, id=7648, stack(0x000000001c360000,0x000000001c460000)]
  0x0000000019db5800 JavaThread "Daemon" [_thread_blocked, id=6584, stack(0x000000001c260000,0x000000001c360000)]
  0x000000001a34c800 JavaThread "Daemon periodic checks" [_thread_blocked, id=7636, stack(0x000000001c160000,0x000000001c260000)]
  0x000000001a34c000 JavaThread "Incoming local TCP Connector on port 52103" [_thread_in_native, id=1404, stack(0x000000001a750000,0x000000001a850000)]
  0x00000000189a1000 JavaThread "Service Thread" daemon [_thread_blocked, id=2888, stack(0x0000000018d80000,0x0000000018e80000)]
  0x0000000017059800 JavaThread "C1 CompilerThread2" daemon [_thread_blocked, id=2164, stack(0x0000000018880000,0x0000000018980000)]
=>0x0000000017040800 JavaThread "C2 CompilerThread1" daemon [_thread_in_native, id=10976, stack(0x0000000018780000,0x0000000018880000)]
  0x000000001703b800 JavaThread "C2 CompilerThread0" daemon [_thread_in_native, id=7824, stack(0x0000000018680000,0x0000000018780000)]
  0x000000001703a000 JavaThread "Attach Listener" daemon [_thread_blocked, id=9264, stack(0x0000000018580000,0x0000000018680000)]
  0x0000000017038800 JavaThread "Signal Dispatcher" daemon [_thread_blocked, id=10248, stack(0x0000000018480000,0x0000000018580000)]
  0x0000000017028800 JavaThread "Finalizer" daemon [_thread_blocked, id=7692, stack(0x0000000018290000,0x0000000018390000)]
  0x00000000048e1000 JavaThread "Reference Handler" daemon [_thread_blocked, id=8284, stack(0x0000000018190000,0x0000000018290000)]
  0x000000000496d800 JavaThread "main" [_thread_blocked, id=4984, stack(0x00000000046b0000,0x00000000047b0000)]

Other Threads:
  0x0000000017004800 VMThread [stack: 0x0000000018090000,0x0000000018190000] [id=4056]
  0x000000001709c800 WatcherThread [stack: 0x0000000018e80000,0x0000000018f80000] [id=4940]

VM state:not at safepoint (normal execution)

VM Mutex/Monitor currently owned by a thread: None

Heap:
 PSYoungGen      total 38400K, used 27655K [0x00000000eab00000, 0x00000000ed580000, 0x0000000100000000)
  eden space 33280K, 67% used [0x00000000eab00000,0x00000000ec105f38,0x00000000ecb80000)
  from space 5120K, 99% used [0x00000000ed080000,0x00000000ed57bde0,0x00000000ed580000)
  to   space 5120K, 0% used [0x00000000ecb80000,0x00000000ecb80000,0x00000000ed080000)
 ParOldGen       total 87552K, used 808K [0x00000000c0000000, 0x00000000c5580000, 0x00000000eab00000)
  object space 87552K, 0% used [0x00000000c0000000,0x00000000c00ca2e8,0x00000000c5580000)
 Metaspace       used 14301K, capacity 14660K, committed 14720K, reserved 1062912K
  class space    used 1998K, capacity 2152K, committed 2176K, reserved 1048576K

Card table byte_map: [0x0000000013d30000,0x0000000013f40000] byte_map_base: 0x0000000013730000

Marking Bits: (ParMarkBitMap*) 0x00000000666f3950
 Begin Bits: [0x00000000144a0000, 0x00000000154a0000)
 End Bits:   [0x00000000154a0000, 0x00000000164a0000)

Polling page: 0x0000000002e60000

CodeCache: size=245760Kb used=4635Kb max_used=4635Kb free=241124Kb
 bounds [0x0000000004970000, 0x0000000004e00000, 0x0000000013970000]
 total_blobs=1671 nmethods=1305 adapters=279
 compilation: enabled

Compilation events (10 events):
Event: 1.936 Thread 0x0000000017059800 nmethod 1300 0x0000000004debe10 code [0x0000000004debfa0, 0x0000000004dec2f0]
Event: 1.937 Thread 0x0000000017059800 1301       1       org.gradle.internal.service.DefaultServiceRegistry::access$1400 (5 bytes)
Event: 1.937 Thread 0x0000000017059800 nmethod 1301 0x0000000004dedd10 code [0x0000000004dede60, 0x0000000004dedf50]
Event: 1.937 Thread 0x0000000017059800 1302       3       org.gradle.internal.service.DefaultServiceRegistry::assertValidServiceType (35 bytes)
Event: 1.938 Thread 0x0000000017059800 nmethod 1302 0x0000000004deb490 code [0x0000000004deb640, 0x0000000004debc38]
Event: 1.938 Thread 0x0000000017059800 1303       3       java.lang.Class::isAnnotation (17 bytes)
Event: 1.938 Thread 0x0000000017059800 nmethod 1303 0x0000000004deb010 code [0x0000000004deb180, 0x0000000004deb3e8]
Event: 1.942 Thread 0x0000000017059800 1305       3       org.gradle.internal.service.DefaultServiceRegistry$OwnServices::hasService (26 bytes)
Event: 1.942 Thread 0x0000000017059800 nmethod 1305 0x0000000004def610 code [0x0000000004def780, 0x0000000004defa28]
Event: 1.948 Thread 0x0000000017059800 1306       3       java.io.WinNTFileSystem::normalize (231 bytes)

GC Heap History (4 events):
Event: 0.757 GC heap before
{Heap before GC invocations=1 (full 0):
 PSYoungGen      total 38400K, used 33280K [0x00000000eab00000, 0x00000000ed580000, 0x0000000100000000)
  eden space 33280K, 100% used [0x00000000eab00000,0x00000000ecb80000,0x00000000ecb80000)
  from space 5120K, 0% used [0x00000000ed080000,0x00000000ed080000,0x00000000ed580000)
  to   space 5120K, 0% used [0x00000000ecb80000,0x00000000ecb80000,0x00000000ed080000)
 ParOldGen       total 87552K, used 0K [0x00000000c0000000, 0x00000000c5580000, 0x00000000eab00000)
  object space 87552K, 0% used [0x00000000c0000000,0x00000000c0000000,0x00000000c5580000)
 Metaspace       used 6889K, capacity 7054K, committed 7424K, reserved 1056768K
  class space    used 837K, capacity 907K, committed 1024K, reserved 1048576K
Event: 0.761 GC heap after
Heap after GC invocations=1 (full 0):
 PSYoungGen      total 38400K, used 4088K [0x00000000eab00000, 0x00000000ed580000, 0x0000000100000000)
  eden space 33280K, 0% used [0x00000000eab00000,0x00000000eab00000,0x00000000ecb80000)
  from space 5120K, 79% used [0x00000000ecb80000,0x00000000ecf7e3c0,0x00000000ed080000)
  to   space 5120K, 0% used [0x00000000ed080000,0x00000000ed080000,0x00000000ed580000)
 ParOldGen       total 87552K, used 8K [0x00000000c0000000, 0x00000000c5580000, 0x00000000eab00000)
  object space 87552K, 0% used [0x00000000c0000000,0x00000000c0002000,0x00000000c5580000)
 Metaspace       used 6889K, capacity 7054K, committed 7424K, reserved 1056768K
  class space    used 837K, capacity 907K, committed 1024K, reserved 1048576K
}
Event: 1.730 GC heap before
{Heap before GC invocations=2 (full 0):
 PSYoungGen      total 38400K, used 37368K [0x00000000eab00000, 0x00000000ed580000, 0x0000000100000000)
  eden space 33280K, 100% used [0x00000000eab00000,0x00000000ecb80000,0x00000000ecb80000)
  from space 5120K, 79% used [0x00000000ecb80000,0x00000000ecf7e3c0,0x00000000ed080000)
  to   space 5120K, 0% used [0x00000000ed080000,0x00000000ed080000,0x00000000ed580000)
 ParOldGen       total 87552K, used 8K [0x00000000c0000000, 0x00000000c5580000, 0x00000000eab00000)
  object space 87552K, 0% used [0x00000000c0000000,0x00000000c0002000,0x00000000c5580000)
 Metaspace       used 12174K, capacity 12544K, committed 12800K, reserved 1060864K
  class space    used 1622K, capacity 1766K, committed 1792K, reserved 1048576K
Event: 1.736 GC heap after
Heap after GC invocations=2 (full 0):
 PSYoungGen      total 38400K, used 5103K [0x00000000eab00000, 0x00000000ed580000, 0x0000000100000000)
  eden space 33280K, 0% used [0x00000000eab00000,0x00000000eab00000,0x00000000ecb80000)
  from space 5120K, 99% used [0x00000000ed080000,0x00000000ed57bde0,0x00000000ed580000)
  to   space 5120K, 0% used [0x00000000ecb80000,0x00000000ecb80000,0x00000000ed080000)
 ParOldGen       total 87552K, used 808K [0x00000000c0000000, 0x00000000c5580000, 0x00000000eab00000)
  object space 87552K, 0% used [0x00000000c0000000,0x00000000c00ca2e8,0x00000000c5580000)
 Metaspace       used 12174K, capacity 12544K, committed 12800K, reserved 1060864K
  class space    used 1622K, capacity 1766K, committed 1792K, reserved 1048576K
}

Deoptimization events (10 events):
Event: 0.932 Thread 0x000000000496d800 Uncommon trap: reason=unstable_if action=reinterpret pc=0x0000000004bd64f4 method=java.util.HashMap.getNode(ILjava/lang/Object;)Ljava/util/HashMap$Node; @ 62
Event: 1.078 Thread 0x000000000496d800 Uncommon trap: reason=bimorphic action=maybe_recompile pc=0x0000000004c830ac method=java.util.HashMap.putVal(ILjava/lang/Object;Ljava/lang/Object;ZZ)Ljava/lang/Object; @ 203
Event: 1.201 Thread 0x000000000496d800 Uncommon trap: reason=unstable_if action=reinterpret pc=0x0000000004cebf18 method=java.io.WinNTFileSystem.normalize(Ljava/lang/String;)Ljava/lang/String; @ 128
Event: 1.201 Thread 0x000000000496d800 Uncommon trap: reason=unstable_if action=reinterpret pc=0x0000000004c6fddc method=java.io.WinNTFileSystem.normalize(Ljava/lang/String;II)Ljava/lang/String; @ 90
Event: 1.701 Thread 0x000000001a44e000 Uncommon trap: reason=bimorphic action=maybe_recompile pc=0x0000000004c82a0c method=java.util.HashMap.putVal(ILjava/lang/Object;Ljava/lang/Object;ZZ)Ljava/lang/Object; @ 253
Event: 1.701 Thread 0x000000001a44e000 Uncommon trap: reason=bimorphic action=maybe_recompile pc=0x0000000004c82a0c method=java.util.HashMap.putVal(ILjava/lang/Object;Ljava/lang/Object;ZZ)Ljava/lang/Object; @ 253
Event: 1.701 Thread 0x000000001a44e000 Uncommon trap: reason=bimorphic action=maybe_recompile pc=0x0000000004c82a0c method=java.util.HashMap.putVal(ILjava/lang/Object;Ljava/lang/Object;ZZ)Ljava/lang/Object; @ 253
Event: 1.888 Thread 0x000000001a44e000 Uncommon trap: reason=class_check action=maybe_recompile pc=0x0000000004bd931c method=java.util.regex.Matcher.match(II)Z @ 86
Event: 1.888 Thread 0x000000001a44e000 Uncommon trap: reason=class_check action=maybe_recompile pc=0x0000000004bd931c method=java.util.regex.Matcher.match(II)Z @ 86
Event: 1.942 Thread 0x000000001a44e000 Uncommon trap: reason=unstable_if action=reinterpret pc=0x0000000004dd6df4 method=java.lang.String.lastIndexOf([CII[CIII)I @ 66

Classes redefined (0 events):
No events

Internal exceptions (10 events):
Event: 1.647 Thread 0x0000000019db7800 Exception <a 'java/lang/NoSuchMethodError': <clinit>> (0x00000000ec658220) thrown at [D:\src\AOSP-openjdk-cygwin\jdk8u\hotspot\src\share\vm\prims\jni.cpp, line 1613]
Event: 1.650 Thread 0x0000000019db7800 Exception <a 'java/lang/NoSuchMethodError': <clinit>> (0x00000000ec6791d8) thrown at [D:\src\AOSP-openjdk-cygwin\jdk8u\hotspot\src\share\vm\prims\jni.cpp, line 1613]
Event: 1.651 Thread 0x0000000019db7800 Exception <a 'java/lang/NoSuchMethodError': <clinit>> (0x00000000ec690d88) thrown at [D:\src\AOSP-openjdk-cygwin\jdk8u\hotspot\src\share\vm\prims\jni.cpp, line 1613]
Event: 1.652 Thread 0x0000000019db7800 Exception <a 'java/lang/NoSuchMethodError': <clinit>> (0x00000000ec699850) thrown at [D:\src\AOSP-openjdk-cygwin\jdk8u\hotspot\src\share\vm\prims\jni.cpp, line 1613]
Event: 1.653 Thread 0x0000000019db7800 Exception <a 'java/lang/NoSuchMethodError': <clinit>> (0x00000000ec6aaf68) thrown at [D:\src\AOSP-openjdk-cygwin\jdk8u\hotspot\src\share\vm\prims\jni.cpp, line 1613]
Event: 1.666 Thread 0x0000000019db7800 Exception <a 'java/lang/NoSuchMethodError': <clinit>> (0x00000000ec72a2a8) thrown at [D:\src\AOSP-openjdk-cygwin\jdk8u\hotspot\src\share\vm\prims\jni.cpp, line 1613]
Event: 1.670 Thread 0x0000000019db7800 Exception <a 'java/lang/NoSuchMethodError': <clinit>> (0x00000000ec744bb0) thrown at [D:\src\AOSP-openjdk-cygwin\jdk8u\hotspot\src\share\vm\prims\jni.cpp, line 1613]
Event: 1.673 Thread 0x0000000019db7800 Exception <a 'java/lang/NoSuchMethodError': <clinit>> (0x00000000ec766858) thrown at [D:\src\AOSP-openjdk-cygwin\jdk8u\hotspot\src\share\vm\prims\jni.cpp, line 1613]
Event: 1.692 Thread 0x000000001a44e000 Exception <a 'java/lang/NoSuchMethodError': <clinit>> (0x00000000ec86f910) thrown at [D:\src\AOSP-openjdk-cygwin\jdk8u\hotspot\src\share\vm\prims\jni.cpp, line 1613]
Event: 1.693 Thread 0x000000001a44e000 Exception <a 'java/lang/NoSuchMethodError': <clinit>> (0x00000000ec877b98) thrown at [D:\src\AOSP-openjdk-cygwin\jdk8u\hotspot\src\share\vm\prims\jni.cpp, line 1613]

Events (10 events):
Event: 1.947 loading class java/io/PrintWriter
Event: 1.947 loading class java/io/PrintWriter done
Event: 1.948 loading class com/google/common/io/CharStreams
Event: 1.948 loading class com/google/common/io/CharStreams done
Event: 1.949 loading class com/google/common/io/CharStreams$3
Event: 1.949 loading class com/google/common/io/CharStreams$3 done
Event: 1.949 loading class com/google/common/io/CharSink
Event: 1.949 loading class com/google/common/io/CharSink done
Event: 1.950 loading class com/google/common/io/CharStreams$4
Event: 1.950 loading class com/google/common/io/CharStreams$4 done


Dynamic libraries:
0x00007ff652ea0000 - 0x00007ff652ed1000 	C:\Program Files\Android\Android Studio\jre\bin\java.exe
0x00007fffc91c0000 - 0x00007fffc93a0000 	C:\WINDOWS\SYSTEM32\ntdll.dll
0x00007fffc8ad0000 - 0x00007fffc8b7e000 	C:\WINDOWS\System32\KERNEL32.DLL
0x00007fffc5590000 - 0x00007fffc57f6000 	C:\WINDOWS\System32\KERNELBASE.dll
0x00007fffc8b80000 - 0x00007fffc8c21000 	C:\WINDOWS\System32\ADVAPI32.dll
0x00007fffc8730000 - 0x00007fffc87cd000 	C:\WINDOWS\System32\msvcrt.dll
0x00007fffc8250000 - 0x00007fffc82ab000 	C:\WINDOWS\System32\sechost.dll
0x00007fffc8360000 - 0x00007fffc847f000 	C:\WINDOWS\System32\RPCRT4.dll
0x00007fffc8940000 - 0x00007fffc8acf000 	C:\WINDOWS\System32\USER32.dll
0x00007fffc6640000 - 0x00007fffc6660000 	C:\WINDOWS\System32\win32u.dll
0x00007fffc8480000 - 0x00007fffc84a8000 	C:\WINDOWS\System32\GDI32.dll
0x00007fffc6120000 - 0x00007fffc62b3000 	C:\WINDOWS\System32\gdi32full.dll
0x00007fffc5880000 - 0x00007fffc591b000 	C:\WINDOWS\System32\msvcp_win.dll
0x00007fffc6540000 - 0x00007fffc6636000 	C:\WINDOWS\System32\ucrtbase.dll
0x00007fffb67a0000 - 0x00007fffb6a09000 	C:\WINDOWS\WinSxS\amd64_microsoft.windows.common-controls_6595b64144ccf1df_6.0.16299.125_none_15cbcf8893620c09\COMCTL32.dll
0x00007fffc8de0000 - 0x00007fffc90e8000 	C:\WINDOWS\System32\combase.dll
0x00007fffc5800000 - 0x00007fffc5872000 	C:\WINDOWS\System32\bcryptPrimitives.dll
0x00007fffc8700000 - 0x00007fffc872d000 	C:\WINDOWS\System32\IMM32.DLL
0x0000000065e50000 - 0x0000000065f22000 	C:\Program Files\Android\Android Studio\jre\jre\bin\msvcr100.dll
0x0000000065f30000 - 0x000000006676e000 	C:\Program Files\Android\Android Studio\jre\jre\bin\server\jvm.dll
0x00007fffc7d30000 - 0x00007fffc7d38000 	C:\WINDOWS\System32\PSAPI.DLL
0x00007fffc2fc0000 - 0x00007fffc2fe3000 	C:\WINDOWS\SYSTEM32\WINMM.dll
0x00007fffb71e0000 - 0x00007fffb71ea000 	C:\WINDOWS\SYSTEM32\VERSION.dll
0x00007fffc2f60000 - 0x00007fffc2f8a000 	C:\WINDOWS\SYSTEM32\winmmbase.dll
0x00007fffc6490000 - 0x00007fffc64da000 	C:\WINDOWS\System32\cfgmgr32.dll
0x00007fffb2830000 - 0x00007fffb2839000 	C:\WINDOWS\SYSTEM32\WSOCK32.dll
0x00007fffc90f0000 - 0x00007fffc915c000 	C:\WINDOWS\System32\WS2_32.dll
0x00007fffb2820000 - 0x00007fffb282f000 	C:\Program Files\Android\Android Studio\jre\jre\bin\verify.dll
0x00007fffb0fa0000 - 0x00007fffb0fc9000 	C:\Program Files\Android\Android Studio\jre\jre\bin\java.dll
0x00007fffb2660000 - 0x00007fffb2676000 	C:\Program Files\Android\Android Studio\jre\jre\bin\zip.dll
0x00007fffc6670000 - 0x00007fffc7aa6000 	C:\WINDOWS\System32\SHELL32.dll
0x00007fffc82b0000 - 0x00007fffc8356000 	C:\WINDOWS\System32\shcore.dll
0x00007fffc5920000 - 0x00007fffc6067000 	C:\WINDOWS\System32\windows.storage.dll
0x00007fffc8c30000 - 0x00007fffc8c81000 	C:\WINDOWS\System32\shlwapi.dll
0x00007fffc5550000 - 0x00007fffc5561000 	C:\WINDOWS\System32\kernel.appcore.dll
0x00007fffc5500000 - 0x00007fffc554c000 	C:\WINDOWS\System32\powrprof.dll
0x00007fffc5570000 - 0x00007fffc558b000 	C:\WINDOWS\System32\profapi.dll
0x00007fffbc090000 - 0x00007fffbc0aa000 	C:\Program Files\Android\Android Studio\jre\jre\bin\net.dll
0x00007fffc49c0000 - 0x00007fffc4a26000 	C:\WINDOWS\system32\mswsock.dll
0x00007fffbc070000 - 0x00007fffbc081000 	C:\Program Files\Android\Android Studio\jre\jre\bin\nio.dll
0x00007fffb2800000 - 0x00007fffb281e000 	C:\Users\Jeetendra.Achtani\.gradle\native\25\windows-amd64\native-platform.dll
0x00007fffc1660000 - 0x00007fffc166d000 	C:\Program Files\Android\Android Studio\jre\jre\bin\management.dll
0x00007fffc5210000 - 0x00007fffc5227000 	C:\WINDOWS\SYSTEM32\CRYPTSP.dll
0x00007fffc45d0000 - 0x00007fffc4603000 	C:\WINDOWS\system32\rsaenh.dll
0x00007fffc4cc0000 - 0x00007fffc4ce5000 	C:\WINDOWS\SYSTEM32\bcrypt.dll
0x00007fffc5410000 - 0x00007fffc5439000 	C:\WINDOWS\SYSTEM32\USERENV.dll
0x00007fffc4b80000 - 0x00007fffc4b8b000 	C:\WINDOWS\SYSTEM32\CRYPTBASE.dll
0x00007fffc4750000 - 0x00007fffc4789000 	C:\WINDOWS\SYSTEM32\IPHLPAPI.DLL
0x00007fffc6660000 - 0x00007fffc6668000 	C:\WINDOWS\System32\NSI.dll
0x00007fffbf940000 - 0x00007fffbf956000 	C:\WINDOWS\SYSTEM32\dhcpcsvc6.DLL
0x00007fffbf920000 - 0x00007fffbf93a000 	C:\WINDOWS\SYSTEM32\dhcpcsvc.DLL
0x00007fffc5040000 - 0x00007fffc5208000 	C:\WINDOWS\SYSTEM32\dbghelp.dll

VM Arguments:
jvm_args: -XX:+HeapDumpOnOutOfMemoryError -Xmx1024m -Dfile.encoding=windows-1252 -Duser.country=IN -Duser.language=en -Duser.variant 
java_command: org.gradle.launcher.daemon.bootstrap.GradleDaemon 4.1
java_class_path (initial): C:\Users\Jeetendra.Achtani\.gradle\wrapper\dists\gradle-4.1-all\bzyivzo6n839fup2jbap0tjew\gradle-4.1\lib\gradle-launcher-4.1.jar
Launcher Type: SUN_STANDARD

Environment Variables:
PATH=C:\WINDOWS\system32;C:\WINDOWS;C:\WINDOWS\System32\Wbem;C:\WINDOWS\System32\WindowsPowerShell\v1.0\;C:\Users\Jeetendra.Achtani\AppData\Local\Microsoft\WindowsApps;C:\Users\Jeetendra.Achtani\AppData\Local\Programs\Git\cmd;
USERNAME=jeetendra.achtani
OS=Windows_NT
PROCESSOR_IDENTIFIER=Intel64 Family 6 Model 58 Stepping 9, GenuineIntel



---------------  S Y S T E M  ---------------

OS: Windows 10.0 , 64 bit Build 16299 (10.0.16299.15)

CPU:total 4 (initial active 4) (2 cores per cpu, 2 threads per core) family 6 model 58 stepping 9, cmov, cx8, fxsr, mmx, sse, sse2, sse3, ssse3, sse4.1, sse4.2, popcnt, avx, clmul, erms, ht, tsc, tscinvbit, tscinv

Memory: 4k page, physical 8286796k(3486876k free), swap 13791820k(7948112k free)

vm_info: OpenJDK 64-Bit Server VM (25.152-b01) for windows-amd64 JRE (1.8.0_152-release-915-b01), built by "builder" with MS VC++ 10.0 (VS2010)

time: Wed Mar 21 12:19:35 2018
elapsed time: 1 seconds (0d 0h 0m 1s)

