#
# A fatal error has been detected by the Java Runtime Environment:
#
#  EXCEPTION_ACCESS_VIOLATION (0xc0000005) at pc=0x000000006639cd44, pid=10400, tid=0x0000000000002b9c
#
# JRE version: OpenJDK Runtime Environment (8.0_152-b01) (build 1.8.0_152-release-915-b01)
# Java VM: OpenJDK 64-Bit Server VM (25.152-b01 mixed mode windows-amd64 compressed oops)
# Problematic frame:
# V  [jvm.dll+0x46cd44]
#
# Failed to write core dump. Minidumps are not enabled by default on client versions of Windows
#
# If you would like to submit a bug report, please visit:
#   http://bugreport.java.com/bugreport/crash.jsp
#

---------------  T H R E A D  ---------------

Current thread (0x00000000172d1000):  JavaThread "C2 CompilerThread1" daemon [_thread_in_native, id=11164, stack(0x0000000018a20000,0x0000000018b20000)]

siginfo: ExceptionCode=0xc0000005, reading address 0x000002001a153d70

Registers:
RAX=0x00000000666f4070, RBX=0x0000000000000000, RCX=0x000002001a153d70, RDX=0x0000000000000008
RSP=0x0000000018b1c200, RBP=0x0000000000000000, RSI=0x0000000000000000, RDI=0x0000000018b1c250
R8 =0x0000000000000000, R9 =0x0000000000003939, R10=0x0000000065f30000, R11=0x0000000018b1c120
R12=0x00000000000e38e0, R13=0x0000000000002082, R14=0x0000000065f30000, R15=0x00000000000003d8
RIP=0x000000006639cd44, EFLAGS=0x0000000000010246

Top of Stack: (sp=0x0000000018b1c200)
0x0000000018b1c200:   0000000018b1e9e0 0000000022667210
0x0000000018b1c210:   fffffffffffffff8 0000000017294d60
0x0000000018b1c220:   0000000000000002 0000000066398635
0x0000000018b1c230:   000000002266a9b0 0000000000000000
0x0000000018b1c240:   0000000018b1c330 0000000000000000
0x0000000018b1c250:   0000000000000000 0000000000000008
0x0000000018b1c260:   0000000000000000 0000000000000000
0x0000000018b1c270:   000002001a153d70 000000000000003a
0x0000000018b1c280:   0000000022589190 0000000018b1c620
0x0000000018b1c290:   00000000172fb8c8 00000000172fb4f0
0x0000000018b1c2a0:   0000000018b1c3b0 00000000663644af
0x0000000018b1c2b0:   0000000018b1c730 00000000172fb4e0
0x0000000018b1c2c0:   0000000018b1c620 0000000000000000
0x0000000018b1c2d0:   0000000000000002 00000000172fb4e0
0x0000000018b1c2e0:   000000001d880710 000000001d882d60
0x0000000018b1c2f0:   000000001d8886f8 0000000000fefd80 

Instructions: (pc=0x000000006639cd44)
0x000000006639cd24:   74 24 48 48 8b f5 3b 6f 28 0f 83 c7 00 00 00 48
0x000000006639cd34:   c1 e6 03 48 8d 05 32 73 35 00 66 90 48 8b 4f 20
0x000000006639cd44:   48 39 04 0e 0f 84 9d 00 00 00 48 8b 0c 0e 33 d2
0x000000006639cd54:   33 c0 48 89 4f 10 66 0f 1f 44 00 00 83 3c 08 00 


Register to memory mapping:

RAX=0x00000000666f4070 is an unknown value
RBX=0x0000000000000000 is an unknown value
RCX=0x000002001a153d70 is an unknown value
RDX=0x0000000000000008 is an unknown value
RSP=0x0000000018b1c200 is pointing into the stack for thread: 0x00000000172d1000
RBP=0x0000000000000000 is an unknown value
RSI=0x0000000000000000 is an unknown value
RDI=0x0000000018b1c250 is pointing into the stack for thread: 0x00000000172d1000
R8 =0x0000000000000000 is an unknown value
R9 =0x0000000000003939 is an unknown value
R10=0x0000000065f30000 is an unknown value
R11=0x0000000018b1c120 is pointing into the stack for thread: 0x00000000172d1000
R12=0x00000000000e38e0 is an unknown value
R13=0x0000000000002082 is an unknown value
R14=0x0000000065f30000 is an unknown value
R15=0x00000000000003d8 is an unknown value


Stack: [0x0000000018a20000,0x0000000018b20000],  sp=0x0000000018b1c200,  free space=1008k
Native frames: (J=compiled Java code, j=interpreted, Vv=VM code, C=native code)


Current CompileTask:
C2:   7954 4837       4       org.gradle.model.internal.type.ModelType::wrap (219 bytes)


---------------  P R O C E S S  ---------------

Java Threads: ( => current thread )
  0x000000001f1fd800 JavaThread "Memory manager" [_thread_blocked, id=7700, stack(0x0000000021ce0000,0x0000000021de0000)]
  0x000000001ac8f800 JavaThread "build operations Thread 4" [_thread_blocked, id=8348, stack(0x00000000217e0000,0x00000000218e0000)]
  0x000000001ac8e000 JavaThread "build operations Thread 3" [_thread_blocked, id=10576, stack(0x00000000216e0000,0x00000000217e0000)]
  0x000000001ac90800 JavaThread "build operations Thread 2" [_thread_blocked, id=5648, stack(0x00000000215e0000,0x00000000216e0000)]
  0x000000001ac92800 JavaThread "build operations" [_thread_blocked, id=6092, stack(0x000000001f6b0000,0x000000001f7b0000)]
  0x000000001ac8c800 JavaThread "Cache worker for Artifact transforms cache (C:\Users\Jeetendra.Achtani\.gradle\caches\transforms-1)" [_thread_blocked, id=2256, stack(0x000000001f5b0000,0x000000001f6b0000)]
  0x000000001a6e8800 JavaThread "Cache worker for file hash cache (D:\Jeetendra\github_demo\TabsExample\.gradle\4.1\fileHashes)" [_thread_blocked, id=6556, stack(0x000000001d110000,0x000000001d210000)]
  0x000000001a133800 JavaThread "File lock request listener" [_thread_in_native, id=10460, stack(0x000000001ce10000,0x000000001cf10000)]
  0x000000001a133000 JavaThread "Cache worker for file hash cache (C:\Users\Jeetendra.Achtani\.gradle\caches\4.1\fileHashes)" [_thread_blocked, id=7916, stack(0x000000001cd10000,0x000000001ce10000)]
  0x000000001a5d1800 JavaThread "Stdin handler" [_thread_blocked, id=8360, stack(0x000000001cc10000,0x000000001cd10000)]
  0x000000001a5d0800 JavaThread "Asynchronous log dispatcher for DefaultDaemonConnection: socket connection from /127.0.0.1:52113 to /127.0.0.1:52114" [_thread_blocked, id=1528, stack(0x000000001cb10000,0x000000001cc10000)]
  0x000000001a5cf000 JavaThread "Daemon worker" [_thread_in_vm, id=10476, stack(0x000000001ca10000,0x000000001cb10000)]
  0x000000001a909800 JavaThread "Cancel handler" [_thread_blocked, id=2628, stack(0x000000001c910000,0x000000001ca10000)]
  0x0000000019fc1800 JavaThread "Handler for socket connection from /127.0.0.1:52113 to /127.0.0.1:52114" [_thread_in_native, id=4380, stack(0x000000001c610000,0x000000001c710000)]
  0x000000001a059800 JavaThread "Daemon" [_thread_blocked, id=11168, stack(0x000000001c510000,0x000000001c610000)]
  0x000000001a05c800 JavaThread "Daemon periodic checks" [_thread_blocked, id=6456, stack(0x000000001c410000,0x000000001c510000)]
  0x000000001a058800 JavaThread "Incoming local TCP Connector on port 52113" [_thread_in_native, id=3420, stack(0x000000001a9f0000,0x000000001aaf0000)]
  0x0000000018c3b000 JavaThread "Service Thread" daemon [_thread_blocked, id=2808, stack(0x0000000019020000,0x0000000019120000)]
  0x00000000172d4800 JavaThread "C1 CompilerThread2" daemon [_thread_in_vm, id=3368, stack(0x0000000018b20000,0x0000000018c20000)]
=>0x00000000172d1000 JavaThread "C2 CompilerThread1" daemon [_thread_in_native, id=11164, stack(0x0000000018a20000,0x0000000018b20000)]
  0x00000000172cc000 JavaThread "C2 CompilerThread0" daemon [_thread_in_native, id=7924, stack(0x0000000018920000,0x0000000018a20000)]
  0x00000000172cb000 JavaThread "Attach Listener" daemon [_thread_blocked, id=6608, stack(0x0000000018820000,0x0000000018920000)]
  0x00000000172ca000 JavaThread "Signal Dispatcher" daemon [_thread_blocked, id=4292, stack(0x0000000018720000,0x0000000018820000)]
  0x0000000004b5d800 JavaThread "Finalizer" daemon [_thread_blocked, id=1264, stack(0x0000000018530000,0x0000000018630000)]
  0x0000000004b53000 JavaThread "Reference Handler" daemon [_thread_blocked, id=3452, stack(0x0000000018430000,0x0000000018530000)]
  0x0000000004bfd800 JavaThread "main" [_thread_blocked, id=4520, stack(0x0000000003160000,0x0000000003260000)]

Other Threads:
  0x0000000017294000 VMThread [stack: 0x0000000018330000,0x0000000018430000] [id=6808]
  0x0000000018c3c800 WatcherThread [stack: 0x0000000019120000,0x0000000019220000] [id=10468]

VM state:not at safepoint (normal execution)

VM Mutex/Monitor currently owned by a thread: None

Heap:
 PSYoungGen      total 137216K, used 39489K [0x00000000eab00000, 0x00000000f4480000, 0x0000000100000000)
  eden space 128000K, 23% used [0x00000000eab00000,0x00000000ec8a0660,0x00000000f2800000)
  from space 9216K, 99% used [0x00000000f3b80000,0x00000000f446fdb8,0x00000000f4480000)
  to   space 12800K, 0% used [0x00000000f2b80000,0x00000000f2b80000,0x00000000f3800000)
 ParOldGen       total 105472K, used 16276K [0x00000000c0000000, 0x00000000c6700000, 0x00000000eab00000)
  object space 105472K, 15% used [0x00000000c0000000,0x00000000c0fe50f0,0x00000000c6700000)
 Metaspace       used 44442K, capacity 45390K, committed 45656K, reserved 1089536K
  class space    used 5842K, capacity 6203K, committed 6272K, reserved 1048576K

Card table byte_map: [0x0000000013fc0000,0x00000000141d0000] byte_map_base: 0x00000000139c0000

Marking Bits: (ParMarkBitMap*) 0x00000000666f3950
 Begin Bits: [0x0000000014730000, 0x0000000015730000)
 End Bits:   [0x0000000015730000, 0x0000000016730000)

Polling page: 0x0000000003260000

CodeCache: size=245760Kb used=15300Kb max_used=15300Kb free=230459Kb
 bounds [0x0000000004c00000, 0x0000000005b00000, 0x0000000013c00000]
 total_blobs=5381 nmethods=4652 adapters=642
 compilation: enabled

Compilation events (10 events):
Event: 7.935 Thread 0x00000000172d4800 5190       2       org.codehaus.groovy.util.ManagedConcurrentMap$Entry::isValid (13 bytes)
Event: 7.935 Thread 0x00000000172d4800 nmethod 5190 0x0000000005af30d0 code [0x0000000005af3240, 0x0000000005af33c8]
Event: 7.935 Thread 0x00000000172d4800 5191       1       org.codehaus.groovy.util.ManagedConcurrentMap$Entry::getHash (5 bytes)
Event: 7.935 Thread 0x00000000172d4800 nmethod 5191 0x0000000005af3490 code [0x0000000005af35e0, 0x0000000005af36f0]
Event: 7.937 Thread 0x00000000172d4800 5192   !   2       java.beans.PropertyDescriptor::<init> (347 bytes)
Event: 7.941 Thread 0x00000000172d4800 nmethod 5192 0x0000000005af3750 code [0x0000000005af3ae0, 0x0000000005af4d38]
Event: 7.941 Thread 0x00000000172d4800 5193       2       java.beans.PropertyDescriptor::isAssignable (148 bytes)
Event: 7.944 Thread 0x00000000172d4800 nmethod 5193 0x0000000005af6410 code [0x0000000005af67c0, 0x0000000005af78d8]
Event: 7.944 Thread 0x00000000172d4800 5194       2       java.beans.PropertyDescriptor::setPropertyEditorClass (9 bytes)
Event: 7.945 Thread 0x00000000172d4800 nmethod 5194 0x0000000005af9190 code [0x0000000005af9300, 0x0000000005af9528]

GC Heap History (10 events):
Event: 3.759 GC heap before
{Heap before GC invocations=6 (full 1):
 PSYoungGen      total 71680K, used 66560K [0x00000000eab00000, 0x00000000ef600000, 0x0000000100000000)
  eden space 66560K, 100% used [0x00000000eab00000,0x00000000eec00000,0x00000000eec00000)
  from space 5120K, 0% used [0x00000000ef100000,0x00000000ef100000,0x00000000ef600000)
  to   space 5120K, 0% used [0x00000000eec00000,0x00000000eec00000,0x00000000ef100000)
 ParOldGen       total 66048K, used 9013K [0x00000000c0000000, 0x00000000c4080000, 0x00000000eab00000)
  object space 66048K, 13% used [0x00000000c0000000,0x00000000c08cd4d0,0x00000000c4080000)
 Metaspace       used 26225K, capacity 26734K, committed 26880K, reserved 1073152K
  class space    used 3557K, capacity 3750K, committed 3840K, reserved 1048576K
Event: 3.771 GC heap after
Heap after GC invocations=6 (full 1):
 PSYoungGen      total 71680K, used 5110K [0x00000000eab00000, 0x00000000f1d80000, 0x0000000100000000)
  eden space 66560K, 0% used [0x00000000eab00000,0x00000000eab00000,0x00000000eec00000)
  from space 5120K, 99% used [0x00000000eec00000,0x00000000ef0fdb30,0x00000000ef100000)
  to   space 10240K, 0% used [0x00000000f1380000,0x00000000f1380000,0x00000000f1d80000)
 ParOldGen       total 66048K, used 10853K [0x00000000c0000000, 0x00000000c4080000, 0x00000000eab00000)
  object space 66048K, 16% used [0x00000000c0000000,0x00000000c0a99498,0x00000000c4080000)
 Metaspace       used 26225K, capacity 26734K, committed 26880K, reserved 1073152K
  class space    used 3557K, capacity 3750K, committed 3840K, reserved 1048576K
}
Event: 4.890 GC heap before
{Heap before GC invocations=7 (full 1):
 PSYoungGen      total 71680K, used 71670K [0x00000000eab00000, 0x00000000f1d80000, 0x0000000100000000)
  eden space 66560K, 100% used [0x00000000eab00000,0x00000000eec00000,0x00000000eec00000)
  from space 5120K, 99% used [0x00000000eec00000,0x00000000ef0fdb30,0x00000000ef100000)
  to   space 10240K, 0% used [0x00000000f1380000,0x00000000f1380000,0x00000000f1d80000)
 ParOldGen       total 66048K, used 10853K [0x00000000c0000000, 0x00000000c4080000, 0x00000000eab00000)
  object space 66048K, 16% used [0x00000000c0000000,0x00000000c0a99498,0x00000000c4080000)
 Metaspace       used 31658K, capacity 32366K, committed 32640K, reserved 1077248K
  class space    used 4360K, capacity 4622K, committed 4736K, reserved 1048576K
Event: 4.904 GC heap after
Heap after GC invocations=7 (full 1):
 PSYoungGen      total 104960K, used 10218K [0x00000000eab00000, 0x00000000f2100000, 0x0000000100000000)
  eden space 94720K, 0% used [0x00000000eab00000,0x00000000eab00000,0x00000000f0780000)
  from space 10240K, 99% used [0x00000000f1380000,0x00000000f1d7a8a0,0x00000000f1d80000)
  to   space 12288K, 0% used [0x00000000f0780000,0x00000000f0780000,0x00000000f1380000)
 ParOldGen       total 66048K, used 12127K [0x00000000c0000000, 0x00000000c4080000, 0x00000000eab00000)
  object space 66048K, 18% used [0x00000000c0000000,0x00000000c0bd7dd8,0x00000000c4080000)
 Metaspace       used 31658K, capacity 32366K, committed 32640K, reserved 1077248K
  class space    used 4360K, capacity 4622K, committed 4736K, reserved 1048576K
}
Event: 6.187 GC heap before
{Heap before GC invocations=8 (full 1):
 PSYoungGen      total 104960K, used 82219K [0x00000000eab00000, 0x00000000f2100000, 0x0000000100000000)
  eden space 94720K, 76% used [0x00000000eab00000,0x00000000ef1503f0,0x00000000f0780000)
  from space 10240K, 99% used [0x00000000f1380000,0x00000000f1d7a8a0,0x00000000f1d80000)
  to   space 12288K, 0% used [0x00000000f0780000,0x00000000f0780000,0x00000000f1380000)
 ParOldGen       total 66048K, used 12127K [0x00000000c0000000, 0x00000000c4080000, 0x00000000eab00000)
  object space 66048K, 18% used [0x00000000c0000000,0x00000000c0bd7dd8,0x00000000c4080000)
 Metaspace       used 34565K, capacity 35278K, committed 35416K, reserved 1079296K
  class space    used 4627K, capacity 4910K, committed 4992K, reserved 1048576K
Event: 6.198 GC heap after
Heap after GC invocations=8 (full 1):
 PSYoungGen      total 107008K, used 10118K [0x00000000eab00000, 0x00000000f4880000, 0x0000000100000000)
  eden space 94720K, 0% used [0x00000000eab00000,0x00000000eab00000,0x00000000f0780000)
  from space 12288K, 82% used [0x00000000f0780000,0x00000000f1161928,0x00000000f1380000)
  to   space 13312K, 0% used [0x00000000f3b80000,0x00000000f3b80000,0x00000000f4880000)
 ParOldGen       total 66048K, used 12199K [0x00000000c0000000, 0x00000000c4080000, 0x00000000eab00000)
  object space 66048K, 18% used [0x00000000c0000000,0x00000000c0be9de8,0x00000000c4080000)
 Metaspace       used 34565K, capacity 35278K, committed 35416K, reserved 1079296K
  class space    used 4627K, capacity 4910K, committed 4992K, reserved 1048576K
}
Event: 6.198 GC heap before
{Heap before GC invocations=9 (full 2):
 PSYoungGen      total 107008K, used 10118K [0x00000000eab00000, 0x00000000f4880000, 0x0000000100000000)
  eden space 94720K, 0% used [0x00000000eab00000,0x00000000eab00000,0x00000000f0780000)
  from space 12288K, 82% used [0x00000000f0780000,0x00000000f1161928,0x00000000f1380000)
  to   space 13312K, 0% used [0x00000000f3b80000,0x00000000f3b80000,0x00000000f4880000)
 ParOldGen       total 66048K, used 12199K [0x00000000c0000000, 0x00000000c4080000, 0x00000000eab00000)
  object space 66048K, 18% used [0x00000000c0000000,0x00000000c0be9de8,0x00000000c4080000)
 Metaspace       used 34565K, capacity 35278K, committed 35416K, reserved 1079296K
  class space    used 4627K, capacity 4910K, committed 4992K, reserved 1048576K
Event: 6.280 GC heap after
Heap after GC invocations=9 (full 2):
 PSYoungGen      total 107008K, used 0K [0x00000000eab00000, 0x00000000f4880000, 0x0000000100000000)
  eden space 94720K, 0% used [0x00000000eab00000,0x00000000eab00000,0x00000000f0780000)
  from space 12288K, 0% used [0x00000000f0780000,0x00000000f0780000,0x00000000f1380000)
  to   space 13312K, 0% used [0x00000000f3b80000,0x00000000f3b80000,0x00000000f4880000)
 ParOldGen       total 105472K, used 16268K [0x00000000c0000000, 0x00000000c6700000, 0x00000000eab00000)
  object space 105472K, 15% used [0x00000000c0000000,0x00000000c0fe30f0,0x00000000c6700000)
 Metaspace       used 34542K, capacity 35254K, committed 35416K, reserved 1079296K
  class space    used 4620K, capacity 4902K, committed 4992K, reserved 1048576K
}
Event: 7.617 GC heap before
{Heap before GC invocations=10 (full 2):
 PSYoungGen      total 107008K, used 94720K [0x00000000eab00000, 0x00000000f4880000, 0x0000000100000000)
  eden space 94720K, 100% used [0x00000000eab00000,0x00000000f0780000,0x00000000f0780000)
  from space 12288K, 0% used [0x00000000f0780000,0x00000000f0780000,0x00000000f1380000)
  to   space 13312K, 0% used [0x00000000f3b80000,0x00000000f3b80000,0x00000000f4880000)
 ParOldGen       total 105472K, used 16268K [0x00000000c0000000, 0x00000000c6700000, 0x00000000eab00000)
  object space 105472K, 15% used [0x00000000c0000000,0x00000000c0fe30f0,0x00000000c6700000)
 Metaspace       used 43085K, capacity 44000K, committed 44248K, reserved 1087488K
  class space    used 5695K, capacity 6050K, committed 6144K, reserved 1048576K
Event: 7.627 GC heap after
Heap after GC invocations=10 (full 2):
 PSYoungGen      total 137216K, used 9151K [0x00000000eab00000, 0x00000000f4480000, 0x0000000100000000)
  eden space 128000K, 0% used [0x00000000eab00000,0x00000000eab00000,0x00000000f2800000)
  from space 9216K, 99% used [0x00000000f3b80000,0x00000000f446fdb8,0x00000000f4480000)
  to   space 12800K, 0% used [0x00000000f2b80000,0x00000000f2b80000,0x00000000f3800000)
 ParOldGen       total 105472K, used 16276K [0x00000000c0000000, 0x00000000c6700000, 0x00000000eab00000)
  object space 105472K, 15% used [0x00000000c0000000,0x00000000c0fe50f0,0x00000000c6700000)
 Metaspace       used 43085K, capacity 44000K, committed 44248K, reserved 1087488K
  class space    used 5695K, capacity 6050K, committed 6144K, reserved 1048576K
}

Deoptimization events (10 events):
Event: 7.510 Thread 0x000000001a5cf000 Uncommon trap: reason=unstable_if action=reinterpret pc=0x00000000056d252c method=java.util.jar.JarFile.getInputStream(Ljava/util/zip/ZipEntry;)Ljava/io/InputStream; @ 37
Event: 7.514 Thread 0x000000001a5cf000 Uncommon trap: reason=unstable_if action=reinterpret pc=0x00000000054ec46c method=java.security.CodeSource.getCertificates()[Ljava/security/cert/Certificate; @ 22
Event: 7.515 Thread 0x000000001a5cf000 Uncommon trap: reason=unstable_if action=reinterpret pc=0x0000000005487944 method=java.util.jar.JarFile.maybeInstantiateVerifier()V @ 75
Event: 7.515 Thread 0x000000001a5cf000 Uncommon trap: reason=class_check action=maybe_recompile pc=0x0000000004e39c24 method=java.util.jar.JarFile.getJarEntry(Ljava/lang/String;)Ljava/util/jar/JarEntry; @ 2
Event: 7.515 Thread 0x000000001a5cf000 Uncommon trap: reason=class_check action=maybe_recompile pc=0x0000000004e39c24 method=java.util.jar.JarFile.getJarEntry(Ljava/lang/String;)Ljava/util/jar/JarEntry; @ 2
Event: 7.516 Thread 0x000000001a5cf000 Uncommon trap: reason=class_check action=maybe_recompile pc=0x0000000004e39c24 method=java.util.jar.JarFile.getJarEntry(Ljava/lang/String;)Ljava/util/jar/JarEntry; @ 2
Event: 7.516 Thread 0x000000001a5cf000 Uncommon trap: reason=class_check action=maybe_recompile pc=0x0000000004e39c24 method=java.util.jar.JarFile.getJarEntry(Ljava/lang/String;)Ljava/util/jar/JarEntry; @ 2
Event: 7.516 Thread 0x000000001a5cf000 Uncommon trap: reason=unstable_if action=reinterpret pc=0x0000000004efdcf8 method=java.util.LinkedHashMap.get(Ljava/lang/Object;)Ljava/lang/Object; @ 20
Event: 7.520 Thread 0x000000001a5cf000 Uncommon trap: reason=bimorphic action=maybe_recompile pc=0x0000000004d633d0 method=java.util.Hashtable.get(Ljava/lang/Object;)Ljava/lang/Object; @ 45
Event: 7.846 Thread 0x000000001a5cf000 Uncommon trap: reason=unstable_if action=reinterpret pc=0x0000000004e0a8f0 method=java.security.CodeSource.matchCerts(Ljava/security/CodeSource;Z)Z @ 11

Classes redefined (0 events):
No events

Internal exceptions (10 events):
Event: 7.704 Thread 0x000000001a5cf000 Exception <a 'java/lang/ClassNotFoundException': com/android/build/gradle/internal/api/DefaultAndroidSourceSetCustomizer> (0x00000000eb0505f8) thrown at [D:\src\AOSP-openjdk-cygwin\jdk8u\hotspot\src\share\vm\classfile\systemDictionary.cpp, line 210]
Event: 7.706 Thread 0x000000001a5cf000 Exception <a 'java/lang/ClassNotFoundException': com/android/build/gradle/internal/api/DefaultAndroidSourceSet_DecoratedCustomizer> (0x00000000eb0b71d0) thrown at [D:\src\AOSP-openjdk-cygwin\jdk8u\hotspot\src\share\vm\classfile\systemDictionary.cpp, line 
Event: 7.936 Thread 0x000000001a5cf000 Exception <a 'java/lang/ClassNotFoundException': com/android/build/gradle/internal/dsl/BuildType_DecoratedBeanInfo> (0x00000000ec5f0e08) thrown at [D:\src\AOSP-openjdk-cygwin\jdk8u\hotspot\src\share\vm\classfile\systemDictionary.cpp, line 210]
Event: 7.936 Thread 0x000000001a5cf000 Exception <a 'java/lang/ClassNotFoundException': com/android/build/gradle/internal/dsl/BuildTypeBeanInfo> (0x00000000ec60c9b8) thrown at [D:\src\AOSP-openjdk-cygwin\jdk8u\hotspot\src\share\vm\classfile\systemDictionary.cpp, line 210]
Event: 7.936 Thread 0x000000001a5cf000 Exception <a 'java/lang/ClassNotFoundException': com/android/builder/core/DefaultBuildTypeBeanInfo> (0x00000000ec626880) thrown at [D:\src\AOSP-openjdk-cygwin\jdk8u\hotspot\src\share\vm\classfile\systemDictionary.cpp, line 210]
Event: 7.936 Thread 0x000000001a5cf000 Exception <a 'java/lang/ClassNotFoundException': com/android/builder/internal/BaseConfigImplBeanInfo> (0x00000000ec641b90) thrown at [D:\src\AOSP-openjdk-cygwin\jdk8u\hotspot\src\share\vm\classfile\systemDictionary.cpp, line 210]
Event: 7.937 Thread 0x000000001a5cf000 Exception <a 'java/lang/ClassNotFoundException': com/android/builder/internal/BaseConfigImplCustomizer> (0x00000000ec65d7a8) thrown at [D:\src\AOSP-openjdk-cygwin\jdk8u\hotspot\src\share\vm\classfile\systemDictionary.cpp, line 210]
Event: 7.938 Thread 0x000000001a5cf000 Exception <a 'java/lang/ClassNotFoundException': com/android/builder/core/DefaultBuildTypeCustomizer> (0x00000000ec6a25f8) thrown at [D:\src\AOSP-openjdk-cygwin\jdk8u\hotspot\src\share\vm\classfile\systemDictionary.cpp, line 210]
Event: 7.940 Thread 0x000000001a5cf000 Exception <a 'java/lang/ClassNotFoundException': com/android/build/gradle/internal/dsl/BuildTypeCustomizer> (0x00000000ec6da218) thrown at [D:\src\AOSP-openjdk-cygwin\jdk8u\hotspot\src\share\vm\classfile\systemDictionary.cpp, line 210]
Event: 7.942 Thread 0x000000001a5cf000 Exception <a 'java/lang/ClassNotFoundException': com/android/build/gradle/internal/dsl/BuildType_DecoratedCustomizer> (0x00000000ec73fa38) thrown at [D:\src\AOSP-openjdk-cygwin\jdk8u\hotspot\src\share\vm\classfile\systemDictionary.cpp, line 210]

Events (10 events):
Event: 7.938 loading class com/android/builder/core/DefaultBuildTypeCustomizer
Event: 7.938 loading class com/android/builder/core/DefaultBuildTypeCustomizer done
Event: 7.939 loading class com/android/build/gradle/internal/dsl/BuildTypeCustomizer
Event: 7.939 loading class com/android/build/gradle/internal/dsl/BuildTypeCustomizer done
Event: 7.940 loading class com/android/build/gradle/internal/dsl/BuildTypeCustomizer
Event: 7.940 loading class com/android/build/gradle/internal/dsl/BuildTypeCustomizer done
Event: 7.942 loading class com/android/build/gradle/internal/dsl/BuildType_DecoratedCustomizer
Event: 7.942 loading class com/android/build/gradle/internal/dsl/BuildType_DecoratedCustomizer done
Event: 7.942 loading class com/android/build/gradle/internal/dsl/BuildType_DecoratedCustomizer
Event: 7.942 loading class com/android/build/gradle/internal/dsl/BuildType_DecoratedCustomizer done


Dynamic libraries:
0x00007ff652ea0000 - 0x00007ff652ed1000 	C:\Program Files\Android\Android Studio\jre\bin\java.exe
0x00007fffc91c0000 - 0x00007fffc93a0000 	C:\WINDOWS\SYSTEM32\ntdll.dll
0x00007fffc8ad0000 - 0x00007fffc8b7e000 	C:\WINDOWS\System32\KERNEL32.DLL
0x00007fffc5590000 - 0x00007fffc57f6000 	C:\WINDOWS\System32\KERNELBASE.dll
0x00007fffc8b80000 - 0x00007fffc8c21000 	C:\WINDOWS\System32\ADVAPI32.dll
0x00007fffc8730000 - 0x00007fffc87cd000 	C:\WINDOWS\System32\msvcrt.dll
0x00007fffc8250000 - 0x00007fffc82ab000 	C:\WINDOWS\System32\sechost.dll
0x00007fffc8360000 - 0x00007fffc847f000 	C:\WINDOWS\System32\RPCRT4.dll
0x00007fffc8940000 - 0x00007fffc8acf000 	C:\WINDOWS\System32\USER32.dll
0x00007fffc6640000 - 0x00007fffc6660000 	C:\WINDOWS\System32\win32u.dll
0x00007fffc8480000 - 0x00007fffc84a8000 	C:\WINDOWS\System32\GDI32.dll
0x00007fffc6120000 - 0x00007fffc62b3000 	C:\WINDOWS\System32\gdi32full.dll
0x00007fffc5880000 - 0x00007fffc591b000 	C:\WINDOWS\System32\msvcp_win.dll
0x00007fffc6540000 - 0x00007fffc6636000 	C:\WINDOWS\System32\ucrtbase.dll
0x00007fffb67a0000 - 0x00007fffb6a09000 	C:\WINDOWS\WinSxS\amd64_microsoft.windows.common-controls_6595b64144ccf1df_6.0.16299.125_none_15cbcf8893620c09\COMCTL32.dll
0x00007fffc8de0000 - 0x00007fffc90e8000 	C:\WINDOWS\System32\combase.dll
0x00007fffc5800000 - 0x00007fffc5872000 	C:\WINDOWS\System32\bcryptPrimitives.dll
0x00007fffc8700000 - 0x00007fffc872d000 	C:\WINDOWS\System32\IMM32.DLL
0x0000000065e50000 - 0x0000000065f22000 	C:\Program Files\Android\Android Studio\jre\jre\bin\msvcr100.dll
0x0000000065f30000 - 0x000000006676e000 	C:\Program Files\Android\Android Studio\jre\jre\bin\server\jvm.dll
0x00007fffc7d30000 - 0x00007fffc7d38000 	C:\WINDOWS\System32\PSAPI.DLL
0x00007fffc2fc0000 - 0x00007fffc2fe3000 	C:\WINDOWS\SYSTEM32\WINMM.dll
0x00007fffb71e0000 - 0x00007fffb71ea000 	C:\WINDOWS\SYSTEM32\VERSION.dll
0x00007fffb2830000 - 0x00007fffb2839000 	C:\WINDOWS\SYSTEM32\WSOCK32.dll
0x00007fffc90f0000 - 0x00007fffc915c000 	C:\WINDOWS\System32\WS2_32.dll
0x00007fffc2f60000 - 0x00007fffc2f8a000 	C:\WINDOWS\SYSTEM32\winmmbase.dll
0x00007fffc6490000 - 0x00007fffc64da000 	C:\WINDOWS\System32\cfgmgr32.dll
0x00007fffb2820000 - 0x00007fffb282f000 	C:\Program Files\Android\Android Studio\jre\jre\bin\verify.dll
0x00007fffb0fa0000 - 0x00007fffb0fc9000 	C:\Program Files\Android\Android Studio\jre\jre\bin\java.dll
0x00007fffb2660000 - 0x00007fffb2676000 	C:\Program Files\Android\Android Studio\jre\jre\bin\zip.dll
0x00007fffc6670000 - 0x00007fffc7aa6000 	C:\WINDOWS\System32\SHELL32.dll
0x00007fffc82b0000 - 0x00007fffc8356000 	C:\WINDOWS\System32\shcore.dll
0x00007fffc5920000 - 0x00007fffc6067000 	C:\WINDOWS\System32\windows.storage.dll
0x00007fffc8c30000 - 0x00007fffc8c81000 	C:\WINDOWS\System32\shlwapi.dll
0x00007fffc5550000 - 0x00007fffc5561000 	C:\WINDOWS\System32\kernel.appcore.dll
0x00007fffc5500000 - 0x00007fffc554c000 	C:\WINDOWS\System32\powrprof.dll
0x00007fffc5570000 - 0x00007fffc558b000 	C:\WINDOWS\System32\profapi.dll
0x00007fffbc090000 - 0x00007fffbc0aa000 	C:\Program Files\Android\Android Studio\jre\jre\bin\net.dll
0x00007fffc49c0000 - 0x00007fffc4a26000 	C:\WINDOWS\system32\mswsock.dll
0x00007fffbc070000 - 0x00007fffbc081000 	C:\Program Files\Android\Android Studio\jre\jre\bin\nio.dll
0x00007fffb2800000 - 0x00007fffb281e000 	C:\Users\Jeetendra.Achtani\.gradle\native\25\windows-amd64\native-platform.dll
0x00007fffc1660000 - 0x00007fffc166d000 	C:\Program Files\Android\Android Studio\jre\jre\bin\management.dll
0x00007fffc5210000 - 0x00007fffc5227000 	C:\WINDOWS\SYSTEM32\CRYPTSP.dll
0x00007fffc45d0000 - 0x00007fffc4603000 	C:\WINDOWS\system32\rsaenh.dll
0x00007fffc4cc0000 - 0x00007fffc4ce5000 	C:\WINDOWS\SYSTEM32\bcrypt.dll
0x00007fffc5410000 - 0x00007fffc5439000 	C:\WINDOWS\SYSTEM32\USERENV.dll
0x00007fffc4b80000 - 0x00007fffc4b8b000 	C:\WINDOWS\SYSTEM32\CRYPTBASE.dll
0x00007fffc4750000 - 0x00007fffc4789000 	C:\WINDOWS\SYSTEM32\IPHLPAPI.DLL
0x00007fffc6660000 - 0x00007fffc6668000 	C:\WINDOWS\System32\NSI.dll
0x00007fffbf940000 - 0x00007fffbf956000 	C:\WINDOWS\SYSTEM32\dhcpcsvc6.DLL
0x00007fffbf920000 - 0x00007fffbf93a000 	C:\WINDOWS\SYSTEM32\dhcpcsvc.DLL
0x00007fffc5040000 - 0x00007fffc5208000 	C:\WINDOWS\SYSTEM32\dbghelp.dll

VM Arguments:
jvm_args: -XX:+HeapDumpOnOutOfMemoryError -Xmx1024m -Dfile.encoding=windows-1252 -Duser.country=IN -Duser.language=en -Duser.variant 
java_command: org.gradle.launcher.daemon.bootstrap.GradleDaemon 4.1
java_class_path (initial): C:\Users\Jeetendra.Achtani\.gradle\wrapper\dists\gradle-4.1-all\bzyivzo6n839fup2jbap0tjew\gradle-4.1\lib\gradle-launcher-4.1.jar
Launcher Type: SUN_STANDARD

Environment Variables:
PATH=C:\WINDOWS\system32;C:\WINDOWS;C:\WINDOWS\System32\Wbem;C:\WINDOWS\System32\WindowsPowerShell\v1.0\;C:\Users\Jeetendra.Achtani\AppData\Local\Microsoft\WindowsApps;C:\Users\Jeetendra.Achtani\AppData\Local\Programs\Git\cmd;
USERNAME=jeetendra.achtani
OS=Windows_NT
PROCESSOR_IDENTIFIER=Intel64 Family 6 Model 58 Stepping 9, GenuineIntel



---------------  S Y S T E M  ---------------

OS: Windows 10.0 , 64 bit Build 16299 (10.0.16299.15)

CPU:total 4 (initial active 4) (2 cores per cpu, 2 threads per core) family 6 model 58 stepping 9, cmov, cx8, fxsr, mmx, sse, sse2, sse3, ssse3, sse4.1, sse4.2, popcnt, avx, clmul, erms, ht, tsc, tscinvbit, tscinv

Memory: 4k page, physical 8286796k(3340140k free), swap 13791820k(7746720k free)

vm_info: OpenJDK 64-Bit Server VM (25.152-b01) for windows-amd64 JRE (1.8.0_152-release-915-b01), built by "builder" with MS VC++ 10.0 (VS2010)

time: Wed Mar 21 12:20:07 2018
elapsed time: 7 seconds (0d 0h 0m 7s)

